<?xml version="1.0" encoding="UTF-8"?>
<!-- Generated by org.testng.reporters.JUnitReportReporter -->
<testsuite skipped="0" hostname="Mayank" name="com.comparator.qa.TestCases.NDTVHomePageTest" tests="1" failures="0" timestamp="2021-06-21T01:57:18 IST" time="26.927" errors="0">
  <testcase name="WebsiteTitletest" time="26.927" classname="com.comparator.qa.TestCases.NDTVHomePageTest"/>
</testsuite> <!-- com.comparator.qa.TestCases.NDTVHomePageTest -->
